
10/12/2014 8:23:39 PM
[ThemVBTrongHoSo.aspx.cs](btAddApprover_Click)Uploaded file chuyen tien.png
==========================================

10/12/2014 8:24:23 PM
[ThemVBTrongHoSo.aspx.cs](btAddApprover_Click)Uploaded file BaseDAO.cs
==========================================

10/12/2014 8:51:33 PM
[ThemVBTrongHoSo.aspx.cs](Insert VB)Inserted VB ID: 10
==========================================

10/12/2014 8:51:33 PM
[ThemVBTrongHoSo.aspx.cs](btAddApprover_Click)Uploaded file FunctionManage.aspx
==========================================

10/12/2014 8:57:12 PM
[VanBanTrongHoSo.cs](addVanBanTrongHoSo())Invalid column name 'Hoso_ID'.
==========================================

10/12/2014 8:57:14 PM
[ThemVBTrongHoSo.aspx.cs](Insert VB)Inserted VB ID: 0
==========================================

10/12/2014 8:57:15 PM
[ThemVBTrongHoSo.aspx.cs](btAddApprover_Click)Uploaded file MenuDAO.cs
==========================================

10/12/2014 9:01:27 PM
[VanBanTrongHoSo.cs](addVanBanTrongHoSo())Invalid column name 'Hoso_ID'.
==========================================

10/12/2014 9:01:27 PM
[ThemVBTrongHoSo.aspx.cs](Insert VB)Inserted VB ID: 0
==========================================

10/12/2014 9:01:29 PM
[ThemVBTrongHoSo.aspx.cs](btAddApprover_Click)Uploaded file FunctionManage.aspx.designer.cs
==========================================
